<?xml version="1.0" encoding="UTF-8"?>
<!-- Generated by org.testng.reporters.JUnitReportReporter -->
<testsuite hostname="DESKTOP-M9TKH38" failures="0" tests="1" name="TestNg.Annotationclass" time="0.013" errors="0" timestamp="16 May 2024 07:01:50 GMT">
  <testcase classname="TestNg.Annotationclass" name="createcontact" time="0.013"/>
</testsuite> <!-- TestNg.Annotationclass -->
