<?xml version="1.0" encoding="UTF-8"?>
<!-- Generated by org.testng.reporters.JUnitReportReporter -->
<testsuite hostname="DESKTOP-M9TKH38" failures="0" tests="1" name="first.SampleReport" time="7.868" errors="0" timestamp="2024-05-22T16:23:08 IST" skipped="0">
  <testcase classname="first.SampleReport" name="createContactest" time="7.868"/>
  <system-out/>
</testsuite> <!-- first.SampleReport -->
