<?xml version="1.0" encoding="UTF-8"?>
<!-- Generated by org.testng.reporters.JUnitReportReporter -->
<testsuite hostname="DESKTOP-M9TKH38" failures="0" tests="1" name="asser.Screenshot" time="8.415" errors="0" timestamp="20 May 2024 09:43:36 GMT">
  <testcase classname="asser.Screenshot" name="amzon" time="8.415"/>
</testsuite> <!-- asser.Screenshot -->
