<?xml version="1.0" encoding="UTF-8"?>
<!-- Generated by org.testng.reporters.JUnitReportReporter -->
<testsuite hostname="DESKTOP-M9TKH38" failures="0" tests="2" name="TestNg.CreateContact" time="0.016" errors="0" timestamp="16 May 2024 11:39:11 GMT">
  <testcase classname="TestNg.CreateContact" name="verify" time="0.007"/>
  <testcase classname="TestNg.CreateContact" name="createtest" time="0.009"/>
</testsuite> <!-- TestNg.CreateContact -->
