<?xml version="1.0" encoding="UTF-8"?>
<!-- Generated by org.testng.reporters.JUnitReportReporter -->
<testsuite hostname="DESKTOP-M9TKH38" failures="0" tests="2" name="TestNg.Base2" time="0.022" errors="0" timestamp="16 May 2024 11:51:45 GMT">
  <testcase classname="TestNg.Base2" name="test2" time="0.010"/>
  <testcase classname="TestNg.Base2" name="test" time="0.012"/>
</testsuite> <!-- TestNg.Base2 -->
