<?xml version="1.0" encoding="UTF-8"?>
<!-- Generated by org.testng.reporters.JUnitReportReporter -->
<testsuite hostname="DESKTOP-M9TKH38" failures="0" tests="1" name="first.ReadJasonSelenium" time="49.493" errors="0" timestamp="6 May 2024 05:57:01 GMT">
  <testcase classname="first.ReadJasonSelenium" name="creat" time="49.493"/>
</testsuite> <!-- first.ReadJasonSelenium -->
