<?xml version="1.0" encoding="UTF-8"?>
<!-- Generated by org.testng.reporters.JUnitReportReporter -->
<testsuite hostname="DESKTOP-M9TKH38" failures="0" tests="1" name="first.ReaddataTestNg" time="31.959" errors="0" timestamp="6 May 2024 07:53:48 GMT">
  <testcase classname="first.ReaddataTestNg" name="sampleText" time="31.959"/>
</testsuite> <!-- first.ReaddataTestNg -->
