<?xml version="1.0" encoding="UTF-8"?>
<!-- Generated by org.testng.reporters.JUnitReportReporter -->
<testsuite hostname="DESKTOP-M9TKH38" failures="0" tests="2" name="asser.HomePage2" time="0.057" errors="0" timestamp="20 May 2024 07:41:05 GMT">
  <testcase classname="asser.HomePage2" name="logo" time="0.024"/>
  <testcase classname="asser.HomePage2" name="homePageVerify" time="0.033"/>
</testsuite> <!-- asser.HomePage2 -->
