<?xml version="1.0" encoding="UTF-8"?>
<!-- Generated by org.testng.reporters.JUnitReportReporter -->
<testsuite hostname="DESKTOP-M9TKH38" failures="0" tests="1" name="practices.Demo" time="0.047" errors="0" timestamp="8 May 2024 10:56:13 GMT">
  <testcase classname="practices.Demo" name="create" time="0.047"/>
</testsuite> <!-- practices.Demo -->
